============================================================
  Generated by:           Genus(TM) Synthesis Solution 21.14-s082_1
  Generated on:           Aug 06 2025  12:14:15 pm
  Module:                 booth_rad4_64bit_v2
  Technology libraries:   tsl18fs120_scl_ss 1
                          tsl18cio150_max 1.0
                          tsl18fs120_scl_ff 1
                          tsl18cio150_min 1.0
                          rd3_1024x8_ss_1p62v_125c 1
                          rd3_1024x8_ff_1p98v_m40c 1
  Operating conditions:   tsl18cio150_max (worst_case_tree)
  Wireload mode:          enclosed
  Area mode:              timing library
============================================================

                 Pin                        Type       Fanout  Load  Slew Delay Arrival   
                                                               (fF)  (ps)  (ps)   (ps)    
------------------------------------------------------------------------------------------
a[0]                                     in port           66 2107.0    0    +0       0 F 
cppg/input1[0] 
  SUB_UNS_OP_g1196__5115/A1                                               +5316    5316   
  SUB_UNS_OP_g1196__5115/ZN              nr02d0             2   10.9  777  +386    5702 R 
  SUB_UNS_OP_g1194__6131/A2                                                  +0    5702   
  SUB_UNS_OP_g1194__6131/ZN              nd12d0             3   23.1  615  +432    6134 F 
  SUB_UNS_OP_g1191__5122/A1                                                  +0    6135   
  SUB_UNS_OP_g1191__5122/ZN              nr02d0             2   10.9  787  +529    6664 R 
  SUB_UNS_OP_g1189__2802/A2                                                  +0    6664   
  SUB_UNS_OP_g1189__2802/ZN              nd12d0             3   23.1  616  +434    7098 F 
  SUB_UNS_OP_g1186__6783/A1                                                  +0    7099   
  SUB_UNS_OP_g1186__6783/ZN              nr02d0             2   10.9  787  +529    7628 R 
  SUB_UNS_OP_g1184__8428/A2                                                  +0    7628   
  SUB_UNS_OP_g1184__8428/ZN              nd12d0             3   23.1  616  +434    8062 F 
  SUB_UNS_OP_g1181__5107/A1                                                  +0    8063   
  SUB_UNS_OP_g1181__5107/ZN              nr02d0             2   10.9  787  +529    8592 R 
  SUB_UNS_OP_g1179__5477/A2                                                  +0    8592   
  SUB_UNS_OP_g1179__5477/ZN              nd12d0             3   23.1  616  +434    9026 F 
  SUB_UNS_OP_g1176__1666/A1                                                  +0    9027   
  SUB_UNS_OP_g1176__1666/ZN              nr02d0             2   10.9  787  +529    9556 R 
  SUB_UNS_OP_g1174__2883/A2                                                  +0    9556   
  SUB_UNS_OP_g1174__2883/ZN              nd12d0             3   23.1  616  +434    9990 F 
  SUB_UNS_OP_g1171__6161/A1                                                  +0    9991   
  SUB_UNS_OP_g1171__6161/ZN              nr02d0             2   10.9  787  +529   10520 R 
  SUB_UNS_OP_g1169__7482/A2                                                  +0   10520   
  SUB_UNS_OP_g1169__7482/ZN              nd12d0             3   23.1  616  +434   10955 F 
  SUB_UNS_OP_g1166__6131/A1                                                  +0   10955   
  SUB_UNS_OP_g1166__6131/ZN              nr02d0             2   10.9  787  +529   11484 R 
  SUB_UNS_OP_g1164__8246/A2                                                  +0   11484   
  SUB_UNS_OP_g1164__8246/ZN              nd12d0             3   23.1  616  +434   11919 F 
  SUB_UNS_OP_g1161__2802/A1                                                  +0   11919   
  SUB_UNS_OP_g1161__2802/ZN              nr02d0             2   10.9  787  +529   12448 R 
  SUB_UNS_OP_g1159__3680/A2                                                  +0   12448   
  SUB_UNS_OP_g1159__3680/ZN              nd12d0             3   23.1  616  +434   12883 F 
  SUB_UNS_OP_g1156__8428/A1                                                  +0   12883   
  SUB_UNS_OP_g1156__8428/ZN              nr02d0             2   10.9  787  +529   13412 R 
  SUB_UNS_OP_g1154__6260/A2                                                  +0   13412   
  SUB_UNS_OP_g1154__6260/ZN              nd12d0             3   23.1  616  +434   13847 F 
  SUB_UNS_OP_g1151__5477/A1                                                  +0   13847   
  SUB_UNS_OP_g1151__5477/ZN              nr02d0             2   10.9  787  +529   14376 R 
  SUB_UNS_OP_g1149__7410/A2                                                  +0   14376   
  SUB_UNS_OP_g1149__7410/ZN              nd12d0             3   23.1  616  +434   14811 F 
  SUB_UNS_OP_g1146__2883/A1                                                  +0   14811   
  SUB_UNS_OP_g1146__2883/ZN              nr02d0             2   10.9  787  +529   15340 R 
  SUB_UNS_OP_g1144__9315/A2                                                  +0   15341   
  SUB_UNS_OP_g1144__9315/ZN              nd12d0             3   23.1  616  +434   15775 F 
  SUB_UNS_OP_g1141__7482/A1                                                  +0   15776   
  SUB_UNS_OP_g1141__7482/ZN              nr02d0             2   10.9  787  +529   16305 R 
  SUB_UNS_OP_g1139__1881/A2                                                  +0   16305   
  SUB_UNS_OP_g1139__1881/ZN              nd12d0             3   23.1  616  +434   16739 F 
  SUB_UNS_OP_g1136__8246/A1                                                  +0   16740   
  SUB_UNS_OP_g1136__8246/ZN              nr02d0             2   10.9  787  +529   17269 R 
  SUB_UNS_OP_g1134__1705/A2                                                  +0   17269   
  SUB_UNS_OP_g1134__1705/ZN              nd12d0             3   23.1  616  +434   17703 F 
  SUB_UNS_OP_g1131__3680/A1                                                  +0   17704   
  SUB_UNS_OP_g1131__3680/ZN              nr02d0             2   10.9  787  +529   18233 R 
  SUB_UNS_OP_g1129__5526/A2                                                  +0   18233   
  SUB_UNS_OP_g1129__5526/ZN              nd12d0             3   23.1  616  +434   18667 F 
  SUB_UNS_OP_g1126__6260/A1                                                  +0   18668   
  SUB_UNS_OP_g1126__6260/ZN              nr02d0             2   10.9  787  +529   19197 R 
  SUB_UNS_OP_g1124__2398/A2                                                  +0   19197   
  SUB_UNS_OP_g1124__2398/ZN              nd12d0             3   23.1  616  +434   19632 F 
  SUB_UNS_OP_g1121__7410/A1                                                  +0   19632   
  SUB_UNS_OP_g1121__7410/ZN              nr02d0             2   10.9  787  +529   20161 R 
  SUB_UNS_OP_g1119__2346/A2                                                  +0   20161   
  SUB_UNS_OP_g1119__2346/ZN              nd12d0             3   23.1  616  +434   20596 F 
  SUB_UNS_OP_g1116__9315/A1                                                  +0   20596   
  SUB_UNS_OP_g1116__9315/ZN              nr02d0             2   10.9  787  +529   21125 R 
  SUB_UNS_OP_g1114__4733/A2                                                  +0   21125   
  SUB_UNS_OP_g1114__4733/ZN              nd12d0             3   23.1  616  +434   21560 F 
  SUB_UNS_OP_g1111__1881/A1                                                  +0   21560   
  SUB_UNS_OP_g1111__1881/ZN              nr02d0             2   10.9  787  +529   22089 R 
  SUB_UNS_OP_g1109__7098/A2                                                  +0   22089   
  SUB_UNS_OP_g1109__7098/ZN              nd12d0             3   23.1  616  +434   22524 F 
  SUB_UNS_OP_g1106__1705/A1                                                  +0   22524   
  SUB_UNS_OP_g1106__1705/ZN              nr02d0             2   10.9  787  +529   23053 R 
  SUB_UNS_OP_g1104__1617/A2                                                  +0   23053   
  SUB_UNS_OP_g1104__1617/ZN              nd12d0             3   23.1  616  +434   23488 F 
  SUB_UNS_OP_g1101__5526/A1                                                  +0   23488   
  SUB_UNS_OP_g1101__5526/ZN              nr02d0             2   10.9  787  +529   24017 R 
  SUB_UNS_OP_g1099__4319/A2                                                  +0   24018   
  SUB_UNS_OP_g1099__4319/ZN              nd12d0             3   23.1  616  +434   24452 F 
  SUB_UNS_OP_g1096__2398/A1                                                  +0   24452   
  SUB_UNS_OP_g1096__2398/ZN              nr02d0             2   10.9  787  +529   24982 R 
  SUB_UNS_OP_g1094__6417/A2                                                  +0   24982   
  SUB_UNS_OP_g1094__6417/ZN              nd12d0             3   23.1  616  +434   25416 F 
  SUB_UNS_OP_g1091__2346/A1                                                  +0   25416   
  SUB_UNS_OP_g1091__2346/ZN              nr02d0             2   10.9  787  +529   25946 R 
  SUB_UNS_OP_g1089__9945/A2                                                  +0   25946   
  SUB_UNS_OP_g1089__9945/ZN              nd12d0             3   23.1  616  +434   26380 F 
  SUB_UNS_OP_g1086__4733/A1                                                  +0   26381   
  SUB_UNS_OP_g1086__4733/ZN              nr02d0             2   10.9  787  +529   26910 R 
  SUB_UNS_OP_g1084__5115/A2                                                  +0   26910   
  SUB_UNS_OP_g1084__5115/ZN              nd12d0             3   23.1  616  +434   27344 F 
  SUB_UNS_OP_g1081__7098/A1                                                  +0   27345   
  SUB_UNS_OP_g1081__7098/ZN              nr02d0             2   10.9  787  +529   27874 R 
  SUB_UNS_OP_g1079__5122/A2                                                  +0   27874   
  SUB_UNS_OP_g1079__5122/ZN              nd12d0             3   23.1  616  +434   28308 F 
  SUB_UNS_OP_g1076__1617/A1                                                  +0   28309   
  SUB_UNS_OP_g1076__1617/ZN              nr02d0             2   10.9  787  +529   28838 R 
  SUB_UNS_OP_g1074__6783/A2                                                  +0   28838   
  SUB_UNS_OP_g1074__6783/ZN              nd12d0             3   23.1  616  +434   29272 F 
  SUB_UNS_OP_g1071__4319/A1                                                  +0   29273   
  SUB_UNS_OP_g1071__4319/ZN              nr02d0             2   10.9  787  +529   29802 R 
  SUB_UNS_OP_g1069__5107/A2                                                  +0   29802   
  SUB_UNS_OP_g1069__5107/ZN              nd12d0             3   23.1  616  +434   30237 F 
  SUB_UNS_OP_g1066__6417/A1                                                  +0   30237   
  SUB_UNS_OP_g1066__6417/ZN              nr02d0             2   10.9  787  +529   30766 R 
  SUB_UNS_OP_g1064__1666/A2                                                  +0   30766   
  SUB_UNS_OP_g1064__1666/ZN              nd12d0             3   23.1  616  +434   31201 F 
  SUB_UNS_OP_g1061__9945/A1                                                  +0   31201   
  SUB_UNS_OP_g1061__9945/ZN              nr02d0             2   10.9  787  +529   31730 R 
  SUB_UNS_OP_g1059__6161/A2                                                  +0   31730   
  SUB_UNS_OP_g1059__6161/ZN              nd12d0             3   23.1  616  +434   32165 F 
  SUB_UNS_OP_g1056__5115/A1                                                  +0   32165   
  SUB_UNS_OP_g1056__5115/ZN              nr02d0             2   10.9  787  +529   32694 R 
  SUB_UNS_OP_g1054__6131/A2                                                  +0   32694   
  SUB_UNS_OP_g1054__6131/ZN              nd12d0             3   23.1  616  +434   33129 F 
  SUB_UNS_OP_g1051__5122/A1                                                  +0   33129   
  SUB_UNS_OP_g1051__5122/ZN              nr02d0             2   10.9  787  +529   33658 R 
  SUB_UNS_OP_g1049__2802/A2                                                  +0   33658   
  SUB_UNS_OP_g1049__2802/ZN              nd12d0             3   23.1  616  +434   34093 F 
  SUB_UNS_OP_g1046__6783/A1                                                  +0   34093   
  SUB_UNS_OP_g1046__6783/ZN              nr02d0             2   10.9  787  +529   34622 R 
  SUB_UNS_OP_g1044__8428/A2                                                  +0   34623   
  SUB_UNS_OP_g1044__8428/ZN              nd12d0             3   22.2  599  +425   35048 F 
  g1197/I                                                                    +0   35048   
  g1197/ZN                               inv0d0             1    7.8  574  +445   35493 R 
  SUB_UNS_OP_g1039__2398/A2                                                  +0   35493   
  SUB_UNS_OP_g1039__2398/ZN              nr02d7            64 2025.0 2535 +1598   37091 F 
cppg/ipj1[127] 
m1/ipj2[65] 
  g3364__7410/B1                                                          +4947   42038   
  g3364__7410/ZN                         oaim21d1           3   42.9  566  +864   42902 F 
m1/out[127] 
csa_tree_ADD_TC_OP_61_groupi_g54415/I                                        +1   42903   
csa_tree_ADD_TC_OP_61_groupi_g54415/ZN   inv0d0             1   20.9 1374  +790   43693 R 
csa_tree_ADD_TC_OP_61_groupi_g54327/A                                        +0   43693   
csa_tree_ADD_TC_OP_61_groupi_g54327/S    ad01d1             1   17.6  259  +689   44382 F 
csa_tree_ADD_TC_OP_61_groupi_g54249/CI                                       +0   44382   
csa_tree_ADD_TC_OP_61_groupi_g54249/CO   ad01d1             1   17.6  266  +478   44860 F 
csa_tree_ADD_TC_OP_61_groupi_g54138/CI                                       +0   44860   
csa_tree_ADD_TC_OP_61_groupi_g54138/S    ad01d1             1   20.9  347  +743   45604 R 
csa_tree_ADD_TC_OP_61_groupi_g53850/A                                        +0   45604   
csa_tree_ADD_TC_OP_61_groupi_g53850/S    ad01d1             1   17.6  259  +644   46248 F 
csa_tree_ADD_TC_OP_61_groupi_g53679/CI                                       +0   46248   
csa_tree_ADD_TC_OP_61_groupi_g53679/S    ad01d1             1   18.0  310  +724   46973 R 
csa_tree_ADD_TC_OP_61_groupi_g53573/CI                                       +0   46973   
csa_tree_ADD_TC_OP_61_groupi_g53573/S    ad01d1             1   21.8  283  +660   47632 F 
csa_tree_ADD_TC_OP_61_groupi_g53317/A                                        +0   47633   
csa_tree_ADD_TC_OP_61_groupi_g53317/S    ad01d1             1   18.0  310  +837   48469 R 
csa_tree_ADD_TC_OP_61_groupi_g53105/CI                                       +0   48470   
csa_tree_ADD_TC_OP_61_groupi_g53105/S    ad01d1             1   21.8  283  +660   49129 F 
csa_tree_ADD_TC_OP_61_groupi_g52955/A                                        +0   49129   
csa_tree_ADD_TC_OP_61_groupi_g52955/S    ad01d1             1   18.0  310  +837   49966 R 
csa_tree_ADD_TC_OP_61_groupi_g52827/CI                                       +0   49966   
csa_tree_ADD_TC_OP_61_groupi_g52827/S    ad01d1             1   17.6  259  +642   50608 F 
csa_tree_ADD_TC_OP_61_groupi_g52768/CI                                       +0   50608   
csa_tree_ADD_TC_OP_61_groupi_g52768/S    ad01d1             1   18.0  310  +724   51333 R 
csa_tree_ADD_TC_OP_61_groupi_g52677/CI                                       +0   51333   
csa_tree_ADD_TC_OP_61_groupi_g52677/S    ad01d1             1   21.8  283  +660   51992 F 
csa_tree_ADD_TC_OP_61_groupi_g52621/A                                        +0   51993   
csa_tree_ADD_TC_OP_61_groupi_g52621/S    ad01d1             1   21.8  283  +666   52659 F 
csa_tree_ADD_TC_OP_61_groupi_g52558/A                                        +0   52659   
csa_tree_ADD_TC_OP_61_groupi_g52558/S    ad01d1             1   18.0  310  +837   53496 R 
csa_tree_ADD_TC_OP_61_groupi_g52500/CI                                       +0   53496   
csa_tree_ADD_TC_OP_61_groupi_g52500/S    ad01d1             1   21.8  283  +660   54156 F 
csa_tree_ADD_TC_OP_61_groupi_g52455/A                                        +0   54156   
csa_tree_ADD_TC_OP_61_groupi_g52455/S    ad01d1             1   18.0  308  +837   54993 R 
csa_tree_ADD_TC_OP_61_groupi_g52436/CI                                       +0   54993   
csa_tree_ADD_TC_OP_61_groupi_g52436/S    ad01d1             1   21.8  283  +660   55652 F 
csa_tree_ADD_TC_OP_61_groupi_g52395/A                                        +0   55653   
csa_tree_ADD_TC_OP_61_groupi_g52395/CO   ad01d1             1   17.6  266  +658   56311 F 
csa_tree_ADD_TC_OP_61_groupi_g52394/CI                                       +0   56311   
csa_tree_ADD_TC_OP_61_groupi_g52394/CO   ad01d1             1   17.6  266  +480   56791 F 
csa_tree_ADD_TC_OP_61_groupi_g52393/CI                                       +0   56791   
csa_tree_ADD_TC_OP_61_groupi_g52393/CO   ad01d1             1   17.6  266  +480   57271 F 
csa_tree_ADD_TC_OP_61_groupi_g52392/CI                                       +0   57271   
csa_tree_ADD_TC_OP_61_groupi_g52392/CO   ad01d1             1   17.6  266  +480   57751 F 
csa_tree_ADD_TC_OP_61_groupi_g52391/CI                                       +0   57751   
csa_tree_ADD_TC_OP_61_groupi_g52391/CO   ad01d1             1   17.6  266  +480   58230 F 
csa_tree_ADD_TC_OP_61_groupi_g52390/CI                                       +0   58231   
csa_tree_ADD_TC_OP_61_groupi_g52390/CO   ad01d1             1   17.6  266  +480   58710 F 
csa_tree_ADD_TC_OP_61_groupi_g52389/CI                                       +0   58710   
csa_tree_ADD_TC_OP_61_groupi_g52389/CO   ad01d1             1   17.6  266  +480   59190 F 
csa_tree_ADD_TC_OP_61_groupi_g52388/CI                                       +0   59190   
csa_tree_ADD_TC_OP_61_groupi_g52388/CO   ad01d1             1   17.6  266  +480   59670 F 
csa_tree_ADD_TC_OP_61_groupi_g52387/CI                                       +0   59670   
csa_tree_ADD_TC_OP_61_groupi_g52387/CO   ad01d1             1   17.6  266  +480   60150 F 
csa_tree_ADD_TC_OP_61_groupi_g52386/CI                                       +0   60150   
csa_tree_ADD_TC_OP_61_groupi_g52386/CO   ad01d1             1   17.6  266  +480   60630 F 
csa_tree_ADD_TC_OP_61_groupi_g52385/CI                                       +0   60630   
csa_tree_ADD_TC_OP_61_groupi_g52385/CO   ad01d1             1   17.6  266  +480   61110 F 
csa_tree_ADD_TC_OP_61_groupi_g52384/CI                                       +0   61110   
csa_tree_ADD_TC_OP_61_groupi_g52384/CO   ad01d1             1   17.6  266  +480   61590 F 
csa_tree_ADD_TC_OP_61_groupi_g52383/CI                                       +0   61590   
csa_tree_ADD_TC_OP_61_groupi_g52383/CO   ad01d1             1   17.6  266  +480   62070 F 
csa_tree_ADD_TC_OP_61_groupi_g52382/CI                                       +0   62070   
csa_tree_ADD_TC_OP_61_groupi_g52382/CO   ad01d1             1   17.6  266  +480   62550 F 
csa_tree_ADD_TC_OP_61_groupi_g52381/CI                                       +0   62550   
csa_tree_ADD_TC_OP_61_groupi_g52381/CO   ad01d1             1   17.6  266  +480   63030 F 
csa_tree_ADD_TC_OP_61_groupi_g52380/CI                                       +0   63030   
csa_tree_ADD_TC_OP_61_groupi_g52380/CO   ad01d1             1   17.6  266  +480   63509 F 
csa_tree_ADD_TC_OP_61_groupi_g52379/CI                                       +0   63510   
csa_tree_ADD_TC_OP_61_groupi_g52379/CO   ad01d1             1   17.6  266  +480   63989 F 
csa_tree_ADD_TC_OP_61_groupi_g52378/CI                                       +0   63989   
csa_tree_ADD_TC_OP_61_groupi_g52378/CO   ad01d1             1   17.6  266  +480   64469 F 
csa_tree_ADD_TC_OP_61_groupi_g52377/CI                                       +0   64469   
csa_tree_ADD_TC_OP_61_groupi_g52377/CO   ad01d1             1   17.6  266  +480   64949 F 
csa_tree_ADD_TC_OP_61_groupi_g52376/CI                                       +0   64949   
csa_tree_ADD_TC_OP_61_groupi_g52376/CO   ad01d1             1   17.6  266  +480   65429 F 
csa_tree_ADD_TC_OP_61_groupi_g52375/CI                                       +0   65429   
csa_tree_ADD_TC_OP_61_groupi_g52375/CO   ad01d1             1   17.6  266  +480   65909 F 
csa_tree_ADD_TC_OP_61_groupi_g52374/CI                                       +0   65909   
csa_tree_ADD_TC_OP_61_groupi_g52374/CO   ad01d1             1   17.6  266  +480   66389 F 
csa_tree_ADD_TC_OP_61_groupi_g52373/CI                                       +0   66389   
csa_tree_ADD_TC_OP_61_groupi_g52373/CO   ad01d1             1   17.6  266  +480   66869 F 
csa_tree_ADD_TC_OP_61_groupi_g52372/CI                                       +0   66869   
csa_tree_ADD_TC_OP_61_groupi_g52372/CO   ad01d1             1   17.6  266  +480   67349 F 
csa_tree_ADD_TC_OP_61_groupi_g52371/CI                                       +0   67349   
csa_tree_ADD_TC_OP_61_groupi_g52371/CO   ad01d1             1   17.6  266  +480   67828 F 
csa_tree_ADD_TC_OP_61_groupi_g52370/CI                                       +0   67829   
csa_tree_ADD_TC_OP_61_groupi_g52370/CO   ad01d1             1   17.6  266  +480   68308 F 
csa_tree_ADD_TC_OP_61_groupi_g52369/CI                                       +0   68308   
csa_tree_ADD_TC_OP_61_groupi_g52369/CO   ad01d1             1   17.6  266  +480   68788 F 
csa_tree_ADD_TC_OP_61_groupi_g52368/CI                                       +0   68788   
csa_tree_ADD_TC_OP_61_groupi_g52368/CO   ad01d1             1   17.6  266  +480   69268 F 
csa_tree_ADD_TC_OP_61_groupi_g52367/CI                                       +0   69268   
csa_tree_ADD_TC_OP_61_groupi_g52367/CO   ad01d1             1   17.6  266  +480   69748 F 
csa_tree_ADD_TC_OP_61_groupi_g52366/CI                                       +0   69748   
csa_tree_ADD_TC_OP_61_groupi_g52366/CO   ad01d1             1   17.6  266  +480   70228 F 
csa_tree_ADD_TC_OP_61_groupi_g52365/CI                                       +0   70228   
csa_tree_ADD_TC_OP_61_groupi_g52365/CO   ad01d1             1   17.6  266  +480   70708 F 
csa_tree_ADD_TC_OP_61_groupi_g52364/CI                                       +0   70708   
csa_tree_ADD_TC_OP_61_groupi_g52364/CO   ad01d1             1   17.6  266  +480   71188 F 
csa_tree_ADD_TC_OP_61_groupi_g52363/CI                                       +0   71188   
csa_tree_ADD_TC_OP_61_groupi_g52363/CO   ad01d1             1   17.6  266  +480   71668 F 
csa_tree_ADD_TC_OP_61_groupi_g52362/CI                                       +0   71668   
csa_tree_ADD_TC_OP_61_groupi_g52362/CO   ad01d1             1   17.6  266  +480   72148 F 
csa_tree_ADD_TC_OP_61_groupi_g52361/CI                                       +0   72148   
csa_tree_ADD_TC_OP_61_groupi_g52361/CO   ad01d1             1   17.6  266  +480   72628 F 
csa_tree_ADD_TC_OP_61_groupi_g52360/CI                                       +0   72628   
csa_tree_ADD_TC_OP_61_groupi_g52360/CO   ad01d1             1   17.6  266  +480   73107 F 
csa_tree_ADD_TC_OP_61_groupi_g52359/CI                                       +0   73108   
csa_tree_ADD_TC_OP_61_groupi_g52359/CO   ad01d1             1   17.6  266  +480   73587 F 
csa_tree_ADD_TC_OP_61_groupi_g52358/CI                                       +0   73587   
csa_tree_ADD_TC_OP_61_groupi_g52358/CO   ad01d1             1   17.6  266  +480   74067 F 
csa_tree_ADD_TC_OP_61_groupi_g52357/CI                                       +0   74067   
csa_tree_ADD_TC_OP_61_groupi_g52357/CO   ad01d1             1   17.6  266  +480   74547 F 
csa_tree_ADD_TC_OP_61_groupi_g52356/CI                                       +0   74547   
csa_tree_ADD_TC_OP_61_groupi_g52356/CO   ad01d1             1   17.6  266  +480   75027 F 
csa_tree_ADD_TC_OP_61_groupi_g52355/CI                                       +0   75027   
csa_tree_ADD_TC_OP_61_groupi_g52355/CO   ad01d1             1   17.6  266  +480   75507 F 
csa_tree_ADD_TC_OP_61_groupi_g52354/CI                                       +0   75507   
csa_tree_ADD_TC_OP_61_groupi_g52354/CO   ad01d1             1   17.6  266  +480   75987 F 
csa_tree_ADD_TC_OP_61_groupi_g52353/CI                                       +0   75987   
csa_tree_ADD_TC_OP_61_groupi_g52353/CO   ad01d1             1   17.6  266  +480   76467 F 
csa_tree_ADD_TC_OP_61_groupi_g52352/CI                                       +0   76467   
csa_tree_ADD_TC_OP_61_groupi_g52352/CO   ad01d1             1   17.6  266  +480   76947 F 
csa_tree_ADD_TC_OP_61_groupi_g52351/CI                                       +0   76947   
csa_tree_ADD_TC_OP_61_groupi_g52351/CO   ad01d1             1   17.6  266  +480   77426 F 
csa_tree_ADD_TC_OP_61_groupi_g52350/CI                                       +0   77427   
csa_tree_ADD_TC_OP_61_groupi_g52350/CO   ad01d1             1   17.6  266  +480   77906 F 
csa_tree_ADD_TC_OP_61_groupi_g52349/CI                                       +0   77906   
csa_tree_ADD_TC_OP_61_groupi_g52349/CO   ad01d1             1   17.6  266  +480   78386 F 
csa_tree_ADD_TC_OP_61_groupi_g52348/CI                                       +0   78386   
csa_tree_ADD_TC_OP_61_groupi_g52348/CO   ad01d1             1   17.6  266  +480   78866 F 
csa_tree_ADD_TC_OP_61_groupi_g52347/CI                                       +0   78866   
csa_tree_ADD_TC_OP_61_groupi_g52347/CO   ad01d1             1   17.6  266  +480   79346 F 
csa_tree_ADD_TC_OP_61_groupi_g52346/CI                                       +0   79346   
csa_tree_ADD_TC_OP_61_groupi_g52346/CO   ad01d1             1   17.6  266  +480   79826 F 
csa_tree_ADD_TC_OP_61_groupi_g52345/CI                                       +0   79826   
csa_tree_ADD_TC_OP_61_groupi_g52345/CO   ad01d1             1   17.6  266  +480   80306 F 
csa_tree_ADD_TC_OP_61_groupi_g52344/CI                                       +0   80306   
csa_tree_ADD_TC_OP_61_groupi_g52344/CO   ad01d1             1   17.6  266  +480   80786 F 
csa_tree_ADD_TC_OP_61_groupi_g52343/CI                                       +0   80786   
csa_tree_ADD_TC_OP_61_groupi_g52343/CO   ad01d1             1   17.6  266  +480   81266 F 
csa_tree_ADD_TC_OP_61_groupi_g52342/CI                                       +0   81266   
csa_tree_ADD_TC_OP_61_groupi_g52342/CO   ad01d1             1   17.6  266  +480   81746 F 
csa_tree_ADD_TC_OP_61_groupi_g52341/CI                                       +0   81746   
csa_tree_ADD_TC_OP_61_groupi_g52341/CO   ad01d1             1   17.6  266  +480   82226 F 
csa_tree_ADD_TC_OP_61_groupi_g52340/CI                                       +0   82226   
csa_tree_ADD_TC_OP_61_groupi_g52340/CO   ad01d1             1   17.6  266  +480   82705 F 
csa_tree_ADD_TC_OP_61_groupi_g52339/CI                                       +0   82706   
csa_tree_ADD_TC_OP_61_groupi_g52339/CO   ad01d1             1   17.6  266  +480   83185 F 
csa_tree_ADD_TC_OP_61_groupi_g52338/CI                                       +0   83185   
csa_tree_ADD_TC_OP_61_groupi_g52338/CO   ad01d1             1   17.6  266  +480   83665 F 
csa_tree_ADD_TC_OP_61_groupi_g52337/CI                                       +0   83665   
csa_tree_ADD_TC_OP_61_groupi_g52337/CO   ad01d1             2   17.0  262  +477   84142 F 
csa_tree_ADD_TC_OP_61_groupi_g52336/B1                                       +0   84142   
csa_tree_ADD_TC_OP_61_groupi_g52336/ZN   oaim22d1           1    5.3  204  +250   84392 F 
c[127]                                   interconnect                 204    +0   84392 F 
                                         out port                            +0   84392 F 
------------------------------------------------------------------------------------------
Timing slack :  UNCONSTRAINED
Start-point  : a[0]
End-point    : c[127]

