============================================================
  Generated by:           Genus(TM) Synthesis Solution 21.14-s082_1
  Generated on:           Aug 06 2025  12:20:41 pm
  Module:                 Radix_16_8b_cppg
  Technology libraries:   tsl18fs120_scl_ss 1
                          tsl18cio150_max 1.0
                          tsl18fs120_scl_ff 1
                          tsl18cio150_min 1.0
                          rd3_1024x8_ss_1p62v_125c 1
                          rd3_1024x8_ff_1p98v_m40c 1
  Operating conditions:   tsl18cio150_max (worst_case_tree)
  Wireload mode:          enclosed
  Area mode:              timing library
============================================================

    Instance             Module         Cell Count  Cell Area  Net Area   Total Area  Wireload  
------------------------------------------------------------------------------------------------
Radix_16_8b_cppg                               417   7818.160   245.293     8063.453  8000 (S)  
  m0             mux_32X1                      107   1909.950    36.424     1946.374  4000 (S)  
  m1             mux_32X1_1                    133   2229.760    44.372     2274.132  4000 (S)  
  u_pp           partial_product_rad16         154   2988.550    52.084     3040.634  4000 (S)  
  (S) = wireload was automatically selected
