============================================================
  Generated by:           Genus(TM) Synthesis Solution 21.14-s082_1
  Generated on:           Aug 06 2025  12:20:41 pm
  Module:                 Radix_16_8b_cppg
  Technology libraries:   tsl18fs120_scl_ss 1
                          tsl18cio150_max 1.0
                          tsl18fs120_scl_ff 1
                          tsl18cio150_min 1.0
                          rd3_1024x8_ss_1p62v_125c 1
                          rd3_1024x8_ff_1p98v_m40c 1
  Operating conditions:   tsl18cio150_max (worst_case_tree)
  Wireload mode:          enclosed
  Area mode:              timing library
============================================================

                               
   Gate    Instances    Area          Library       
----------------------------------------------------
ad01d1            15   893.700    tsl18fs120_scl_ss 
ah01d1             4   138.000    tsl18fs120_scl_ss 
an02d0            19   297.920    tsl18fs120_scl_ss 
aoi211d1           2    37.640    tsl18fs120_scl_ss 
aoi21d1            6    94.080    tsl18fs120_scl_ss 
aoi221d1          15   376.350    tsl18fs120_scl_ss 
aoi222d1          10   313.600    tsl18fs120_scl_ss 
aoi22d1           76  1430.320    tsl18fs120_scl_ss 
aoim21d1           2    37.640    tsl18fs120_scl_ss 
aoim22d1          14   307.300    tsl18fs120_scl_ss 
aon211d1           3    56.460    tsl18fs120_scl_ss 
aor21d1            2    43.900    tsl18fs120_scl_ss 
aor221d1           1    31.360    tsl18fs120_scl_ss 
aor222d1           1    37.630    tsl18fs120_scl_ss 
aor22d1            1    25.090    tsl18fs120_scl_ss 
aor311d1           2    50.180    tsl18fs120_scl_ss 
cg01d1             1    28.220    tsl18fs120_scl_ss 
inv0d0            41   257.070    tsl18fs120_scl_ss 
inv0d1             7    65.870    tsl18fs120_scl_ss 
mx02d1             6   150.540    tsl18fs120_scl_ss 
nd02d0            41   514.140    tsl18fs120_scl_ss 
nd03d0             3    47.040    tsl18fs120_scl_ss 
nd03d1             1    15.680    tsl18fs120_scl_ss 
nd04d0            17   319.940    tsl18fs120_scl_ss 
nd04d1             5    94.100    tsl18fs120_scl_ss 
nd12d0             4    62.720    tsl18fs120_scl_ss 
nd12d1             2    31.360    tsl18fs120_scl_ss 
nr02d0            31   388.740    tsl18fs120_scl_ss 
nr02d1            17   213.180    tsl18fs120_scl_ss 
nr03d0             2    31.360    tsl18fs120_scl_ss 
oai211d1           4    75.280    tsl18fs120_scl_ss 
oai21d1            9   141.120    tsl18fs120_scl_ss 
oai22d1           15   282.300    tsl18fs120_scl_ss 
oaim211d1          3    75.270    tsl18fs120_scl_ss 
oaim21d1           5    94.100    tsl18fs120_scl_ss 
oaim22d1          22   551.980    tsl18fs120_scl_ss 
oaim31d1           1    25.090    tsl18fs120_scl_ss 
or02d0             4    62.720    tsl18fs120_scl_ss 
xn02d1             1    34.500    tsl18fs120_scl_ss 
xr02d1             1    31.360    tsl18fs120_scl_ss 
xr03d1             1    53.310    tsl18fs120_scl_ss 
----------------------------------------------------
total            417  7818.160                      


                                         
     Type      Instances   Area   Area % 
-----------------------------------------
inverter              48  322.940    4.1 
logic                369 7495.220   95.9 
physical_cells         0    0.000    0.0 
-----------------------------------------
total                417 7818.160  100.0 

