============================================================
  Generated by:           Genus(TM) Synthesis Solution 21.14-s082_1
  Generated on:           Aug 06 2025  12:20:41 pm
  Module:                 Radix_16_8b_cppg
  Technology libraries:   tsl18fs120_scl_ss 1
                          tsl18cio150_max 1.0
                          tsl18fs120_scl_ff 1
                          tsl18cio150_min 1.0
                          rd3_1024x8_ss_1p62v_125c 1
                          rd3_1024x8_ff_1p98v_m40c 1
  Operating conditions:   tsl18cio150_max (worst_case_tree)
  Wireload mode:          enclosed
  Area mode:              timing library
============================================================

Timing
-------
  Cost    Critical         Violating 
 Group   Path Slack  TNS     Paths   
-------------------------------------
default    No paths   0.0            
-------------------------------------
Total                 0.0          0 

Instance Count
--------------
Leaf Instance Count             417 
Physical Instance count           0 
Sequential Instance Count         0 
Combinational Instance Count    417 
Hierarchical Instance Count       3 

Area
----
Cell Area                          7818.160
Physical Cell Area                 0.000
Total Cell Area (Cell+Physical)    7818.160
Net Area                           245.293
Total Area (Cell+Physical+Net)     8063.453

Max Fanout                         22 (a[5])
Min Fanout                         0 (ppg[1][12])
Average Fanout                     2.6
Terms to net ratio                 3.4533
Terms to instance ratio            4.0743
Runtime                            38.736383000000004 seconds
Elapsed Runtime                    40 seconds
Genus peak memory usage            1766.31 
Innovus peak memory usage          no_value 
Hostname                           server3.eced.svnit.ac.in
