============================================================
  Generated by:           Genus(TM) Synthesis Solution 21.14-s082_1
  Generated on:           Aug 06 2025  12:20:41 pm
  Module:                 Radix_16_8b_cppg
  Technology libraries:   tsl18fs120_scl_ss 1
                          tsl18cio150_max 1.0
                          tsl18fs120_scl_ff 1
                          tsl18cio150_min 1.0
                          rd3_1024x8_ss_1p62v_125c 1
                          rd3_1024x8_ff_1p98v_m40c 1
  Operating conditions:   tsl18cio150_max (worst_case_tree)
  Wireload mode:          enclosed
  Area mode:              timing library
============================================================

      Pin             Type       Fanout  Load Slew Delay Arrival   
                                         (fF) (ps)  (ps)   (ps)    
-------------------------------------------------------------------
a[0]               in port           15 152.4    0    +0       0 F 
u_pp/a[0] 
  g4616__8428/A2                                     +22      22   
  g4616__8428/ZN   nr02d0             3  18.8 1222  +627     649 R 
  g4603/I                                             +0     649   
  g4603/ZN         inv0d0             3  18.3  609  +411    1060 F 
  g4588__3680/A1                                      +0    1060   
  g4588__3680/ZN   nr02d0             6  43.7 2634 +1368    2428 R 
  g4537__2346/A2                                      +2    2430   
  g4537__2346/Z    or02d0             1  15.8  606  +533    2963 R 
  g4515__5107/CI                                      +0    2963   
  g4515__5107/CO   ad01d1             1  15.8  273  +371    3334 R 
  g4500__6131/CI                                      +0    3335   
  g4500__6131/CO   ad01d1             1  15.8  274  +316    3650 R 
  g4491__6783/CI                                      +0    3650   
  g4491__6783/CO   ad01d1             1  15.8  273  +316    3966 R 
  g4486__5107/CI                                      +0    3966   
  g4486__5107/CO   ad01d1             1  15.8  274  +316    4282 R 
  g4485__2398/CI                                      +0    4282   
  g4485__2398/CO   ad01d1             2  11.4  223  +290    4572 R 
  g4484__5477/A1                                      +0    4572   
  g4484__5477/ZN   nr02d0             2  12.0  549  +146    4717 F 
  g4482__7410/A1                                      +0    4717   
  g4482__7410/Z    or02d0             4  32.8  459  +574    5291 F 
u_pp/n3[8] 
m0/npp6[9] 
  g3008__7410/B1                                      +1    5292   
  g3008__7410/ZN   aoi22d1            1   5.1  337  +275    5567 R 
  g2969__6131/A2                                      +0    5567   
  g2969__6131/ZN   nd04d0             1   6.8  383  +236    5803 F 
  g2962__3680/A                                       +0    5803   
  g2962__3680/ZN   aoi211d1           1   5.4  637  +275    6079 R 
  g2956__5107/A1                                      +0    6079   
  g2956__5107/ZN   nd02d0             1  20.0  536  +379    6457 F 
m0/out[8] 
g1107__6260/A                                         +0    6458   
g1107__6260/CO     ad01d1             1  15.8  256  +708    7166 F 
g1106__5107/CI                                        +0    7166   
g1106__5107/CO     ad01d1             1  15.8  256  +468    7634 F 
g1105__2398/CI                                        +0    7634   
g1105__2398/CO     ad01d1             2  15.1  251  +465    8099 F 
g1104__5477/B1                                        +0    8099   
g1104__5477/Z      aoim22d1           2  16.1  298  +348    8448 F 
g1103__6417/A                                         +0    8448   
g1103__6417/Z      aor221d1           3  21.2  229  +336    8784 F 
g1101__1666/A                                         +0    8784   
g1101__1666/ZN     aoi221d1           2  13.7  756  +299    9083 R 
g1100/I                                               +0    9083   
g1100/ZN           inv0d0             1   7.3  325  +208    9291 F 
g1098__2883/A                                         +0    9291   
g1098__2883/ZN     aoi221d1           2  15.2  873  +340    9631 R 
g1096__9315/A                                         +0    9631   
g1096__9315/ZN     oai211d1           2  13.3  512  +331    9962 F 
g1094__4733/B1                                        +0    9962   
g1094__4733/ZN     oaim22d1           1   3.5  234  +295   10257 F 
c[15]              interconnect                234    +0   10257 F 
                   out port                           +0   10257 F 
-------------------------------------------------------------------
Timing slack :  UNCONSTRAINED
Start-point  : a[0]
End-point    : c[15]

