============================================================
  Generated by:           Genus(TM) Synthesis Solution 21.14-s082_1
  Generated on:           Aug 06 2025  12:14:15 pm
  Module:                 booth_rad4_64bit_v2
  Technology libraries:   tsl18fs120_scl_ss 1
                          tsl18cio150_max 1.0
                          tsl18fs120_scl_ff 1
                          tsl18cio150_min 1.0
                          rd3_1024x8_ss_1p62v_125c 1
                          rd3_1024x8_ff_1p98v_m40c 1
  Operating conditions:   tsl18cio150_max (worst_case_tree)
  Wireload mode:          enclosed
  Area mode:              timing library
============================================================

      Instance           Module      Cell Count  Cell Area  Net Area   Total Area   Wireload  
----------------------------------------------------------------------------------------------
booth_rad4_64bit_v2                        8602 235776.674 17398.880   253175.554 280000 (S)  
  cppg              partial_product         158   4779.330    27.703     4807.033   8000 (S)  
  m1                mux_4X1                  74   2558.860   132.418     2691.279   4000 (S)  
  m2                mux_8X1                 202   3449.850   192.959     3642.809   4000 (S)  
  m3                mux_8X1_60              202   3449.850   192.959     3642.809   4000 (S)  
  m4                mux_8X1_59              202   3449.850   192.959     3642.809   4000 (S)  
  m5                mux_8X1_58              202   3449.850   192.959     3642.809   4000 (S)  
  m6                mux_8X1_57              202   3449.850   192.959     3642.809   4000 (S)  
  m7                mux_8X1_56              202   3449.850   192.959     3642.809   4000 (S)  
  m8                mux_8X1_55              202   3449.850   192.959     3642.809   4000 (S)  
  m9                mux_8X1_54              202   3449.850   192.959     3642.809   4000 (S)  
  m10               mux_8X1_53              202   3449.850   192.959     3642.809   4000 (S)  
  m11               mux_8X1_52              202   3449.850   192.959     3642.809   4000 (S)  
  m12               mux_8X1_51              202   3449.850   192.959     3642.809   4000 (S)  
  m13               mux_8X1_50              202   3449.850   192.959     3642.809   4000 (S)  
  m14               mux_8X1_49              202   3449.850   192.959     3642.809   4000 (S)  
  m15               mux_8X1_48              202   3449.850   192.959     3642.809   4000 (S)  
  m16               mux_8X1_47              202   3449.850   192.959     3642.809   4000 (S)  
  m17               mux_8X1_46              202   3449.850   192.959     3642.809   4000 (S)  
  m18               mux_8X1_45              202   3449.850   192.959     3642.809   4000 (S)  
  m19               mux_8X1_44              202   3449.850   192.959     3642.809   4000 (S)  
  m20               mux_8X1_43              202   3449.850   192.959     3642.809   4000 (S)  
  m21               mux_8X1_42              202   3449.850   192.959     3642.809   4000 (S)  
  m22               mux_8X1_41              202   3449.850   192.959     3642.809   4000 (S)  
  m23               mux_8X1_40              202   3449.850   192.959     3642.809   4000 (S)  
  m24               mux_8X1_39              202   3449.850   192.959     3642.809   4000 (S)  
  m25               mux_8X1_38              202   3449.850   192.959     3642.809   4000 (S)  
  m26               mux_8X1_37              202   3449.850   192.959     3642.809   4000 (S)  
  m27               mux_8X1_36              202   3449.850   192.959     3642.809   4000 (S)  
  m28               mux_8X1_35              202   3449.850   192.959     3642.809   4000 (S)  
  m29               mux_8X1_34              202   3449.850   192.959     3642.809   4000 (S)  
  m30               mux_8X1_33              202   3449.850   192.959     3642.809   4000 (S)  
  m31               mux_8X1_32              202   3449.850   192.959     3642.809   4000 (S)  
  m32               mux_8X1_31              202   3449.850   192.959     3642.809   4000 (S)  
  (S) = wireload was automatically selected
