============================================================
  Generated by:           Genus(TM) Synthesis Solution 21.14-s082_1
  Generated on:           Aug 06 2025  12:14:14 pm
  Module:                 booth_rad4_64bit_v2
  Technology libraries:   tsl18fs120_scl_ss 1
                          tsl18cio150_max 1.0
                          tsl18fs120_scl_ff 1
                          tsl18cio150_min 1.0
                          rd3_1024x8_ss_1p62v_125c 1
                          rd3_1024x8_ff_1p98v_m40c 1
  Operating conditions:   tsl18cio150_max (worst_case_tree)
  Wireload mode:          enclosed
  Area mode:              timing library
============================================================

                                
  Gate    Instances     Area           Library       
-----------------------------------------------------
ad01d1         2014  119994.124    tsl18fs120_scl_ss 
ah01d1           31    1069.500    tsl18fs120_scl_ss 
an02d0           63     987.840    tsl18fs120_scl_ss 
an02d7           96    3312.000    tsl18fs120_scl_ss 
an02da           31    1263.870    tsl18fs120_scl_ss 
aoi22d1        3877   72965.140    tsl18fs120_scl_ss 
aoim22d1          1      21.950    tsl18fs120_scl_ss 
aor222d1         93    3499.590    tsl18fs120_scl_ss 
inv0d0          126     790.020    tsl18fs120_scl_ss 
nd02d0         1986   24904.440    tsl18fs120_scl_ss 
nd02d1            1      12.540    tsl18fs120_scl_ss 
nd03d0           31     486.080    tsl18fs120_scl_ss 
nd12d0           62     972.160    tsl18fs120_scl_ss 
nr02d0           62     777.480    tsl18fs120_scl_ss 
nr02d7           32    1304.640    tsl18fs120_scl_ss 
oaim21d1          1      18.820    tsl18fs120_scl_ss 
oaim22d1          1      25.090    tsl18fs120_scl_ss 
oaim31d1         31     777.790    tsl18fs120_scl_ss 
or02d0           31     486.080    tsl18fs120_scl_ss 
xr02da           32    2107.520    tsl18fs120_scl_ss 
-----------------------------------------------------
total          8602  235776.674                      


                                           
     Type      Instances    Area    Area % 
-------------------------------------------
inverter             126    790.020    0.3 
logic               8476 234986.654   99.7 
physical_cells         0      0.000    0.0 
-------------------------------------------
total               8602 235776.674  100.0 

