============================================================
  Generated by:           Genus(TM) Synthesis Solution 21.14-s082_1
  Generated on:           Aug 06 2025  12:14:14 pm
  Module:                 booth_rad4_64bit_v2
  Technology libraries:   tsl18fs120_scl_ss 1
                          tsl18cio150_max 1.0
                          tsl18fs120_scl_ff 1
                          tsl18cio150_min 1.0
                          rd3_1024x8_ss_1p62v_125c 1
                          rd3_1024x8_ff_1p98v_m40c 1
  Operating conditions:   tsl18cio150_max (worst_case_tree)
  Wireload mode:          enclosed
  Area mode:              timing library
============================================================

Timing
-------
  Cost    Critical         Violating 
 Group   Path Slack  TNS     Paths   
-------------------------------------
default    No paths   0.0            
-------------------------------------
Total                 0.0          0 

Instance Count
--------------
Leaf Instance Count             8602 
Physical Instance count            0 
Sequential Instance Count          0 
Combinational Instance Count    8602 
Hierarchical Instance Count       33 

Area
----
Cell Area                          235776.674
Physical Cell Area                 0.000
Total Cell Area (Cell+Physical)    235776.674
Net Area                           17398.880
Total Area (Cell+Physical+Net)     253175.554

Max Fanout                         66 (a[0])
Min Fanout                         0 (ppg[1][126])
Average Fanout                     2.4
Terms to net ratio                 3.2617
Terms to instance ratio            4.4133
Runtime                            502.394659 seconds
Elapsed Runtime                    521 seconds
Genus peak memory usage            3112.26 
Innovus peak memory usage          no_value 
Hostname                           server3.eced.svnit.ac.in
